2023-12-14 13:16:28 INFO  InformationScraper:14 - Start of scraping data from url: https://www.skiinfo.pl/malopolskie/warunki-narciarskie
2023-12-14 13:16:29 INFO  InformationScraper:94 - Success scraping url: https://www.skiinfo.pl/malopolskie/warunki-narciarskie
2023-12-14 13:16:29 INFO  InformationScraper:14 - Start of scraping data from url: https://www.skiinfo.pl/dolnoslaskie/warunki-narciarskie
2023-12-14 13:16:30 INFO  InformationScraper:94 - Success scraping url: https://www.skiinfo.pl/dolnoslaskie/warunki-narciarskie
2023-12-14 13:16:30 INFO  InformationScraper:14 - Start of scraping data from url: https://www.skiinfo.pl/gory-swietokrzyskie/warunki-narciarskie
2023-12-14 13:16:31 INFO  InformationScraper:94 - Success scraping url: https://www.skiinfo.pl/gory-swietokrzyskie/warunki-narciarskie
2023-12-14 13:16:31 INFO  InformationScraper:14 - Start of scraping data from url: https://www.skiinfo.pl/lodzkie/warunki-narciarskie
2023-12-14 13:16:31 INFO  InformationScraper:94 - Success scraping url: https://www.skiinfo.pl/lodzkie/warunki-narciarskie
2023-12-14 13:16:31 INFO  InformationScraper:14 - Start of scraping data from url: https://www.skiinfo.pl/podkarpackie/warunki-narciarskie
2023-12-14 13:16:32 INFO  InformationScraper:94 - Success scraping url: https://www.skiinfo.pl/podkarpackie/warunki-narciarskie
2023-12-14 13:16:32 INFO  InformationScraper:14 - Start of scraping data from url: https://www.skiinfo.pl/slaskie/warunki-narciarskie
2023-12-14 13:16:33 INFO  InformationScraper:94 - Success scraping url: https://www.skiinfo.pl/slaskie/warunki-narciarskie
2023-12-14 13:17:54 INFO  InformationScraper:14 - Start of scraping data from url: https://www.skiinfo.pl/malopolskie/warunki-narciarskie
2023-12-14 13:17:55 INFO  InformationScraper:94 - Success scraping url: https://www.skiinfo.pl/malopolskie/warunki-narciarskie
2023-12-14 13:17:55 INFO  InformationScraper:14 - Start of scraping data from url: https://www.skiinfo.pl/dolnoslaskie/warunki-narciarskie
2023-12-14 13:17:56 INFO  InformationScraper:94 - Success scraping url: https://www.skiinfo.pl/dolnoslaskie/warunki-narciarskie
2023-12-14 13:17:56 INFO  InformationScraper:14 - Start of scraping data from url: https://www.skiinfo.pl/gory-swietokrzyskie/warunki-narciarskie
2023-12-14 13:17:57 INFO  InformationScraper:94 - Success scraping url: https://www.skiinfo.pl/gory-swietokrzyskie/warunki-narciarskie
2023-12-14 13:17:57 INFO  InformationScraper:14 - Start of scraping data from url: https://www.skiinfo.pl/lodzkie/warunki-narciarskie
2023-12-14 13:17:58 INFO  InformationScraper:94 - Success scraping url: https://www.skiinfo.pl/lodzkie/warunki-narciarskie
2023-12-14 13:17:58 INFO  InformationScraper:14 - Start of scraping data from url: https://www.skiinfo.pl/podkarpackie/warunki-narciarskie
2023-12-14 13:17:59 INFO  InformationScraper:94 - Success scraping url: https://www.skiinfo.pl/podkarpackie/warunki-narciarskie
2023-12-14 13:17:59 INFO  InformationScraper:14 - Start of scraping data from url: https://www.skiinfo.pl/slaskie/warunki-narciarskie
2023-12-14 13:18:00 INFO  InformationScraper:94 - Success scraping url: https://www.skiinfo.pl/slaskie/warunki-narciarskie
2023-12-14 13:24:26 INFO  InformationScraper:14 - Start of scraping data from url: https://www.onthesnow.co.uk/northern-alps/skireport
2023-12-14 13:24:29 INFO  InformationScraper:94 - Success scraping url: https://www.onthesnow.co.uk/northern-alps/skireport
2023-12-14 13:24:29 INFO  InformationScraper:14 - Start of scraping data from url: https://www.onthesnow.co.uk/southern-alps/skireport
2023-12-14 13:24:30 INFO  InformationScraper:94 - Success scraping url: https://www.onthesnow.co.uk/southern-alps/skireport
2023-12-14 13:24:30 INFO  InformationScraper:14 - Start of scraping data from url: https://www.onthesnow.co.uk/massif-central/skireport
2023-12-14 13:24:31 INFO  InformationScraper:94 - Success scraping url: https://www.onthesnow.co.uk/massif-central/skireport
2023-12-14 13:24:31 INFO  InformationScraper:14 - Start of scraping data from url: https://www.onthesnow.co.uk/pyrenees/skireport
2023-12-14 13:24:32 INFO  InformationScraper:94 - Success scraping url: https://www.onthesnow.co.uk/pyrenees/skireport
2023-12-14 13:24:32 INFO  InformationScraper:14 - Start of scraping data from url: https://www.onthesnow.co.uk/vosges/skireport
2023-12-14 13:24:33 INFO  InformationScraper:94 - Success scraping url: https://www.onthesnow.co.uk/vosges/skireport
2023-12-14 13:24:33 INFO  InformationScraper:14 - Start of scraping data from url: https://www.onthesnow.co.uk/jura/skireport
2023-12-14 13:24:34 INFO  InformationScraper:94 - Success scraping url: https://www.onthesnow.co.uk/jura/skireport
2023-12-14 13:26:09 INFO  InformationScraper:14 - Start of scraping data from url: https://www.skiinfo.pl/abruzja/warunki-narciarskie
2023-12-14 13:26:13 INFO  InformationScraper:94 - Success scraping url: https://www.skiinfo.pl/abruzja/warunki-narciarskie
2023-12-14 13:26:13 INFO  InformationScraper:14 - Start of scraping data from url: https://www.skiinfo.pl/dolina-aosty/warunki-narciarskie
2023-12-14 13:26:16 INFO  InformationScraper:94 - Success scraping url: https://www.skiinfo.pl/dolina-aosty/warunki-narciarskie
2023-12-14 13:26:16 INFO  InformationScraper:14 - Start of scraping data from url: https://www.skiinfo.pl/emilia-romagna/warunki-narciarskie
2023-12-14 13:26:19 INFO  InformationScraper:94 - Success scraping url: https://www.skiinfo.pl/emilia-romagna/warunki-narciarskie
2023-12-14 13:26:19 INFO  InformationScraper:14 - Start of scraping data from url: https://www.skiinfo.pl/lombardia/warunki-narciarskie
2023-12-14 13:26:22 INFO  InformationScraper:94 - Success scraping url: https://www.skiinfo.pl/lombardia/warunki-narciarskie
2023-12-14 13:26:22 INFO  InformationScraper:14 - Start of scraping data from url: https://www.skiinfo.pl/piemonte/warunki-narciarskie
2023-12-14 13:26:26 INFO  InformationScraper:94 - Success scraping url: https://www.skiinfo.pl/piemonte/warunki-narciarskie
2023-12-14 13:26:26 INFO  InformationScraper:14 - Start of scraping data from url: https://www.skiinfo.pl/toskania/warunki-narciarskie
2023-12-14 13:26:28 INFO  InformationScraper:94 - Success scraping url: https://www.skiinfo.pl/toskania/warunki-narciarskie
2023-12-14 13:26:28 INFO  InformationScraper:14 - Start of scraping data from url: https://www.skiinfo.pl/trentino/warunki-narciarskie
2023-12-14 13:26:30 INFO  InformationScraper:94 - Success scraping url: https://www.skiinfo.pl/trentino/warunki-narciarskie
2023-12-14 13:26:30 INFO  InformationScraper:14 - Start of scraping data from url: https://www.skiinfo.pl/tyrol-poludniowy/warunki-narciarskie
2023-12-14 13:26:32 INFO  InformationScraper:94 - Success scraping url: https://www.skiinfo.pl/tyrol-poludniowy/warunki-narciarskie
2023-12-14 13:26:32 INFO  InformationScraper:14 - Start of scraping data from url: https://www.skiinfo.pl/veneto/warunki-narciarskie
2023-12-14 13:26:35 INFO  InformationScraper:94 - Success scraping url: https://www.skiinfo.pl/veneto/warunki-narciarskie
2023-12-14 13:57:48 INFO  InformationScraper:14 - Start of scraping data from url: https://www.skiinfo.pl/szwajcaria/warunki-narciarskie
2023-12-14 13:57:51 INFO  InformationScraper:94 - Success scraping url: https://www.skiinfo.pl/szwajcaria/warunki-narciarskie
2023-12-14 13:57:58 INFO  InformationScraper:14 - Start of scraping data from url: https://www.skiinfo.pl/abruzja/warunki-narciarskie
2023-12-14 13:57:59 INFO  InformationScraper:94 - Success scraping url: https://www.skiinfo.pl/abruzja/warunki-narciarskie
2023-12-14 13:57:59 INFO  InformationScraper:14 - Start of scraping data from url: https://www.skiinfo.pl/dolina-aosty/warunki-narciarskie
2023-12-14 13:58:00 INFO  InformationScraper:94 - Success scraping url: https://www.skiinfo.pl/dolina-aosty/warunki-narciarskie
2023-12-14 13:58:00 INFO  InformationScraper:14 - Start of scraping data from url: https://www.skiinfo.pl/emilia-romagna/warunki-narciarskie
2023-12-14 13:58:02 INFO  InformationScraper:94 - Success scraping url: https://www.skiinfo.pl/emilia-romagna/warunki-narciarskie
2023-12-14 13:58:02 INFO  InformationScraper:14 - Start of scraping data from url: https://www.skiinfo.pl/lombardia/warunki-narciarskie
2023-12-14 13:58:03 INFO  InformationScraper:94 - Success scraping url: https://www.skiinfo.pl/lombardia/warunki-narciarskie
2023-12-14 13:58:03 INFO  InformationScraper:14 - Start of scraping data from url: https://www.skiinfo.pl/piemonte/warunki-narciarskie
2023-12-14 13:58:04 INFO  InformationScraper:94 - Success scraping url: https://www.skiinfo.pl/piemonte/warunki-narciarskie
2023-12-14 13:58:04 INFO  InformationScraper:14 - Start of scraping data from url: https://www.skiinfo.pl/toskania/warunki-narciarskie
2023-12-14 13:58:05 INFO  InformationScraper:94 - Success scraping url: https://www.skiinfo.pl/toskania/warunki-narciarskie
2023-12-14 13:58:05 INFO  InformationScraper:14 - Start of scraping data from url: https://www.skiinfo.pl/trentino/warunki-narciarskie
2023-12-14 13:58:07 INFO  InformationScraper:94 - Success scraping url: https://www.skiinfo.pl/trentino/warunki-narciarskie
2023-12-14 13:58:07 INFO  InformationScraper:14 - Start of scraping data from url: https://www.skiinfo.pl/tyrol-poludniowy/warunki-narciarskie
2023-12-14 13:58:08 INFO  InformationScraper:94 - Success scraping url: https://www.skiinfo.pl/tyrol-poludniowy/warunki-narciarskie
2023-12-14 13:58:08 INFO  InformationScraper:14 - Start of scraping data from url: https://www.skiinfo.pl/veneto/warunki-narciarskie
2023-12-14 13:58:09 INFO  InformationScraper:94 - Success scraping url: https://www.skiinfo.pl/veneto/warunki-narciarskie
2023-12-14 14:50:53 INFO  InformationScraper:14 - Start of scraping data from url: https://www.skiinfo.pl/abruzja/warunki-narciarskie
2023-12-14 14:50:55 INFO  InformationScraper:94 - Success scraping url: https://www.skiinfo.pl/abruzja/warunki-narciarskie
2023-12-14 14:50:55 INFO  InformationScraper:14 - Start of scraping data from url: https://www.skiinfo.pl/dolina-aosty/warunki-narciarskie
2023-12-14 14:50:56 INFO  InformationScraper:94 - Success scraping url: https://www.skiinfo.pl/dolina-aosty/warunki-narciarskie
2023-12-14 14:50:56 INFO  InformationScraper:14 - Start of scraping data from url: https://www.skiinfo.pl/emilia-romagna/warunki-narciarskie
2023-12-14 14:50:57 INFO  InformationScraper:94 - Success scraping url: https://www.skiinfo.pl/emilia-romagna/warunki-narciarskie
2023-12-14 14:50:57 INFO  InformationScraper:14 - Start of scraping data from url: https://www.skiinfo.pl/lombardia/warunki-narciarskie
2023-12-14 14:50:59 INFO  InformationScraper:94 - Success scraping url: https://www.skiinfo.pl/lombardia/warunki-narciarskie
2023-12-14 14:50:59 INFO  InformationScraper:14 - Start of scraping data from url: https://www.skiinfo.pl/piemonte/warunki-narciarskie
2023-12-14 14:51:00 INFO  InformationScraper:94 - Success scraping url: https://www.skiinfo.pl/piemonte/warunki-narciarskie
2023-12-14 14:51:00 INFO  InformationScraper:14 - Start of scraping data from url: https://www.skiinfo.pl/toskania/warunki-narciarskie
2023-12-14 14:51:01 INFO  InformationScraper:94 - Success scraping url: https://www.skiinfo.pl/toskania/warunki-narciarskie
2023-12-14 14:51:01 INFO  InformationScraper:14 - Start of scraping data from url: https://www.skiinfo.pl/trentino/warunki-narciarskie
2023-12-14 14:51:03 INFO  InformationScraper:94 - Success scraping url: https://www.skiinfo.pl/trentino/warunki-narciarskie
2023-12-14 14:51:03 INFO  InformationScraper:14 - Start of scraping data from url: https://www.skiinfo.pl/tyrol-poludniowy/warunki-narciarskie
2023-12-14 14:51:04 INFO  InformationScraper:94 - Success scraping url: https://www.skiinfo.pl/tyrol-poludniowy/warunki-narciarskie
2023-12-14 14:51:04 INFO  InformationScraper:14 - Start of scraping data from url: https://www.skiinfo.pl/veneto/warunki-narciarskie
2023-12-14 14:51:06 INFO  InformationScraper:94 - Success scraping url: https://www.skiinfo.pl/veneto/warunki-narciarskie
2023-12-14 14:51:34 INFO  InformationScraper:14 - Start of scraping data from url: https://www.skiinfo.pl/abruzja/warunki-narciarskie
2023-12-14 14:51:35 INFO  InformationScraper:94 - Success scraping url: https://www.skiinfo.pl/abruzja/warunki-narciarskie
2023-12-14 14:51:35 INFO  InformationScraper:14 - Start of scraping data from url: https://www.skiinfo.pl/dolina-aosty/warunki-narciarskie
2023-12-14 14:51:36 INFO  InformationScraper:94 - Success scraping url: https://www.skiinfo.pl/dolina-aosty/warunki-narciarskie
2023-12-14 14:51:36 INFO  InformationScraper:14 - Start of scraping data from url: https://www.skiinfo.pl/emilia-romagna/warunki-narciarskie
2023-12-14 14:51:37 INFO  InformationScraper:94 - Success scraping url: https://www.skiinfo.pl/emilia-romagna/warunki-narciarskie
2023-12-14 14:51:37 INFO  InformationScraper:14 - Start of scraping data from url: https://www.skiinfo.pl/lombardia/warunki-narciarskie
2023-12-14 14:51:38 INFO  InformationScraper:94 - Success scraping url: https://www.skiinfo.pl/lombardia/warunki-narciarskie
2023-12-14 14:51:38 INFO  InformationScraper:14 - Start of scraping data from url: https://www.skiinfo.pl/piemonte/warunki-narciarskie
2023-12-14 14:51:39 INFO  InformationScraper:94 - Success scraping url: https://www.skiinfo.pl/piemonte/warunki-narciarskie
2023-12-14 14:51:39 INFO  InformationScraper:14 - Start of scraping data from url: https://www.skiinfo.pl/toskania/warunki-narciarskie
2023-12-14 14:51:40 INFO  InformationScraper:94 - Success scraping url: https://www.skiinfo.pl/toskania/warunki-narciarskie
2023-12-14 14:51:40 INFO  InformationScraper:14 - Start of scraping data from url: https://www.skiinfo.pl/trentino/warunki-narciarskie
2023-12-14 14:51:40 INFO  InformationScraper:94 - Success scraping url: https://www.skiinfo.pl/trentino/warunki-narciarskie
2023-12-14 14:51:40 INFO  InformationScraper:14 - Start of scraping data from url: https://www.skiinfo.pl/tyrol-poludniowy/warunki-narciarskie
2023-12-14 14:51:41 INFO  InformationScraper:94 - Success scraping url: https://www.skiinfo.pl/tyrol-poludniowy/warunki-narciarskie
2023-12-14 14:51:41 INFO  InformationScraper:14 - Start of scraping data from url: https://www.skiinfo.pl/veneto/warunki-narciarskie
2023-12-14 14:51:42 INFO  InformationScraper:94 - Success scraping url: https://www.skiinfo.pl/veneto/warunki-narciarskie
2023-12-14 15:38:18 INFO  InformationScraper:14 - Start of scraping data from url: https://www.onthesnow.co.uk/northern-alps/skireport
2023-12-14 15:38:21 INFO  InformationScraper:97 - Success scraping url: https://www.onthesnow.co.uk/northern-alps/skireport
2023-12-14 15:38:21 INFO  InformationScraper:14 - Start of scraping data from url: https://www.onthesnow.co.uk/southern-alps/skireport
2023-12-14 15:38:23 INFO  InformationScraper:97 - Success scraping url: https://www.onthesnow.co.uk/southern-alps/skireport
2023-12-14 15:38:23 INFO  InformationScraper:14 - Start of scraping data from url: https://www.onthesnow.co.uk/massif-central/skireport
2023-12-14 15:38:24 INFO  InformationScraper:97 - Success scraping url: https://www.onthesnow.co.uk/massif-central/skireport
2023-12-14 15:38:24 INFO  InformationScraper:14 - Start of scraping data from url: https://www.onthesnow.co.uk/pyrenees/skireport
2023-12-14 15:38:25 INFO  InformationScraper:97 - Success scraping url: https://www.onthesnow.co.uk/pyrenees/skireport
2023-12-14 15:38:25 INFO  InformationScraper:14 - Start of scraping data from url: https://www.onthesnow.co.uk/vosges/skireport
2023-12-14 15:38:27 INFO  InformationScraper:97 - Success scraping url: https://www.onthesnow.co.uk/vosges/skireport
2023-12-14 15:38:27 INFO  InformationScraper:14 - Start of scraping data from url: https://www.onthesnow.co.uk/jura/skireport
2023-12-14 15:38:28 INFO  InformationScraper:97 - Success scraping url: https://www.onthesnow.co.uk/jura/skireport
2023-12-14 15:39:46 INFO  InformationScraper:14 - Start of scraping data from url: https://www.skiinfo.pl/szwajcaria/warunki-narciarskie
2023-12-14 15:39:49 INFO  InformationScraper:97 - Success scraping url: https://www.skiinfo.pl/szwajcaria/warunki-narciarskie
2023-12-14 15:40:07 INFO  InformationScraper:14 - Start of scraping data from url: https://www.onthesnow.co.uk/northern-alps/skireport
2023-12-14 15:40:08 INFO  InformationScraper:97 - Success scraping url: https://www.onthesnow.co.uk/northern-alps/skireport
2023-12-14 15:40:08 INFO  InformationScraper:14 - Start of scraping data from url: https://www.onthesnow.co.uk/southern-alps/skireport
2023-12-14 15:40:09 INFO  InformationScraper:97 - Success scraping url: https://www.onthesnow.co.uk/southern-alps/skireport
2023-12-14 15:40:09 INFO  InformationScraper:14 - Start of scraping data from url: https://www.onthesnow.co.uk/massif-central/skireport
2023-12-14 15:40:10 INFO  InformationScraper:97 - Success scraping url: https://www.onthesnow.co.uk/massif-central/skireport
2023-12-14 15:40:10 INFO  InformationScraper:14 - Start of scraping data from url: https://www.onthesnow.co.uk/pyrenees/skireport
2023-12-14 15:40:11 INFO  InformationScraper:97 - Success scraping url: https://www.onthesnow.co.uk/pyrenees/skireport
2023-12-14 15:40:11 INFO  InformationScraper:14 - Start of scraping data from url: https://www.onthesnow.co.uk/vosges/skireport
2023-12-14 15:40:12 INFO  InformationScraper:97 - Success scraping url: https://www.onthesnow.co.uk/vosges/skireport
2023-12-14 15:40:12 INFO  InformationScraper:14 - Start of scraping data from url: https://www.onthesnow.co.uk/jura/skireport
2023-12-14 15:40:13 INFO  InformationScraper:97 - Success scraping url: https://www.onthesnow.co.uk/jura/skireport
2023-12-14 15:44:16 INFO  InformationScraper:14 - Start of scraping data from url: https://www.onthesnow.co.uk/northern-alps/skireport
2023-12-14 15:44:18 INFO  InformationScraper:99 - Success scraping url: https://www.onthesnow.co.uk/northern-alps/skireport
2023-12-14 15:44:18 INFO  InformationScraper:14 - Start of scraping data from url: https://www.onthesnow.co.uk/southern-alps/skireport
2023-12-14 15:44:19 INFO  InformationScraper:99 - Success scraping url: https://www.onthesnow.co.uk/southern-alps/skireport
2023-12-14 15:44:19 INFO  InformationScraper:14 - Start of scraping data from url: https://www.onthesnow.co.uk/massif-central/skireport
2023-12-14 15:44:21 INFO  InformationScraper:99 - Success scraping url: https://www.onthesnow.co.uk/massif-central/skireport
2023-12-14 15:44:21 INFO  InformationScraper:14 - Start of scraping data from url: https://www.onthesnow.co.uk/pyrenees/skireport
2023-12-14 15:44:22 INFO  InformationScraper:99 - Success scraping url: https://www.onthesnow.co.uk/pyrenees/skireport
2023-12-14 15:44:22 INFO  InformationScraper:14 - Start of scraping data from url: https://www.onthesnow.co.uk/vosges/skireport
2023-12-14 15:44:23 INFO  InformationScraper:99 - Success scraping url: https://www.onthesnow.co.uk/vosges/skireport
2023-12-14 15:44:23 INFO  InformationScraper:14 - Start of scraping data from url: https://www.onthesnow.co.uk/jura/skireport
2023-12-14 15:44:24 INFO  InformationScraper:99 - Success scraping url: https://www.onthesnow.co.uk/jura/skireport
2023-12-14 15:46:39 INFO  InformationScraper:14 - Start of scraping data from url: https://www.onthesnow.co.uk/northern-alps/skireport
2023-12-14 15:46:40 INFO  InformationScraper:99 - Success scraping url: https://www.onthesnow.co.uk/northern-alps/skireport
2023-12-14 15:46:40 INFO  InformationScraper:14 - Start of scraping data from url: https://www.onthesnow.co.uk/southern-alps/skireport
2023-12-14 15:46:41 INFO  InformationScraper:99 - Success scraping url: https://www.onthesnow.co.uk/southern-alps/skireport
2023-12-14 15:46:41 INFO  InformationScraper:14 - Start of scraping data from url: https://www.onthesnow.co.uk/massif-central/skireport
2023-12-14 15:46:43 INFO  InformationScraper:99 - Success scraping url: https://www.onthesnow.co.uk/massif-central/skireport
2023-12-14 15:46:43 INFO  InformationScraper:14 - Start of scraping data from url: https://www.onthesnow.co.uk/pyrenees/skireport
2023-12-14 15:46:44 INFO  InformationScraper:99 - Success scraping url: https://www.onthesnow.co.uk/pyrenees/skireport
2023-12-14 15:46:44 INFO  InformationScraper:14 - Start of scraping data from url: https://www.onthesnow.co.uk/vosges/skireport
2023-12-14 15:46:45 INFO  InformationScraper:99 - Success scraping url: https://www.onthesnow.co.uk/vosges/skireport
2023-12-14 15:46:45 INFO  InformationScraper:14 - Start of scraping data from url: https://www.onthesnow.co.uk/jura/skireport
2023-12-14 15:46:46 INFO  InformationScraper:99 - Success scraping url: https://www.onthesnow.co.uk/jura/skireport
2023-12-14 17:56:22 INFO  InformationScraper:14 - Start of scraping data from url: https://www.onthesnow.co.uk/northern-alps/skireport
2023-12-14 17:56:24 INFO  InformationScraper:99 - Success scraping url: https://www.onthesnow.co.uk/northern-alps/skireport
2023-12-14 17:56:24 INFO  InformationScraper:14 - Start of scraping data from url: https://www.onthesnow.co.uk/southern-alps/skireport
2023-12-14 17:56:25 INFO  InformationScraper:99 - Success scraping url: https://www.onthesnow.co.uk/southern-alps/skireport
2023-12-14 17:56:25 INFO  InformationScraper:14 - Start of scraping data from url: https://www.onthesnow.co.uk/massif-central/skireport
2023-12-14 17:56:26 INFO  InformationScraper:99 - Success scraping url: https://www.onthesnow.co.uk/massif-central/skireport
2023-12-14 17:56:26 INFO  InformationScraper:14 - Start of scraping data from url: https://www.onthesnow.co.uk/pyrenees/skireport
2023-12-14 17:56:28 INFO  InformationScraper:99 - Success scraping url: https://www.onthesnow.co.uk/pyrenees/skireport
2023-12-14 17:56:28 INFO  InformationScraper:14 - Start of scraping data from url: https://www.onthesnow.co.uk/vosges/skireport
2023-12-14 17:56:30 INFO  InformationScraper:99 - Success scraping url: https://www.onthesnow.co.uk/vosges/skireport
2023-12-14 17:56:30 INFO  InformationScraper:14 - Start of scraping data from url: https://www.onthesnow.co.uk/jura/skireport
2023-12-14 17:56:33 INFO  InformationScraper:99 - Success scraping url: https://www.onthesnow.co.uk/jura/skireport
2023-12-14 18:07:38 INFO  InformationScraper:14 - Start of scraping data from url: https://www.onthesnow.co.uk/northern-alps/skireport
2023-12-14 18:07:41 INFO  InformationScraper:100 - Success scraping url: https://www.onthesnow.co.uk/northern-alps/skireport
2023-12-14 18:07:41 INFO  InformationScraper:14 - Start of scraping data from url: https://www.onthesnow.co.uk/southern-alps/skireport
2023-12-14 18:07:42 INFO  InformationScraper:100 - Success scraping url: https://www.onthesnow.co.uk/southern-alps/skireport
2023-12-14 18:07:42 INFO  InformationScraper:14 - Start of scraping data from url: https://www.onthesnow.co.uk/massif-central/skireport
2023-12-14 18:07:43 INFO  InformationScraper:100 - Success scraping url: https://www.onthesnow.co.uk/massif-central/skireport
2023-12-14 18:07:43 INFO  InformationScraper:14 - Start of scraping data from url: https://www.onthesnow.co.uk/pyrenees/skireport
2023-12-14 18:07:45 INFO  InformationScraper:100 - Success scraping url: https://www.onthesnow.co.uk/pyrenees/skireport
2023-12-14 18:07:45 INFO  InformationScraper:14 - Start of scraping data from url: https://www.onthesnow.co.uk/vosges/skireport
2023-12-14 18:07:46 INFO  InformationScraper:100 - Success scraping url: https://www.onthesnow.co.uk/vosges/skireport
2023-12-14 18:07:46 INFO  InformationScraper:14 - Start of scraping data from url: https://www.onthesnow.co.uk/jura/skireport
2023-12-14 18:07:48 INFO  InformationScraper:100 - Success scraping url: https://www.onthesnow.co.uk/jura/skireport
2023-12-14 18:08:43 INFO  InformationScraper:14 - Start of scraping data from url: https://www.onthesnow.co.uk/northern-alps/skireport
2023-12-14 18:08:44 INFO  InformationScraper:100 - Success scraping url: https://www.onthesnow.co.uk/northern-alps/skireport
2023-12-14 18:08:44 INFO  InformationScraper:14 - Start of scraping data from url: https://www.onthesnow.co.uk/southern-alps/skireport
2023-12-14 18:08:45 INFO  InformationScraper:100 - Success scraping url: https://www.onthesnow.co.uk/southern-alps/skireport
2023-12-14 18:08:45 INFO  InformationScraper:14 - Start of scraping data from url: https://www.onthesnow.co.uk/massif-central/skireport
2023-12-14 18:08:46 INFO  InformationScraper:100 - Success scraping url: https://www.onthesnow.co.uk/massif-central/skireport
2023-12-14 18:08:46 INFO  InformationScraper:14 - Start of scraping data from url: https://www.onthesnow.co.uk/pyrenees/skireport
2023-12-14 18:08:47 INFO  InformationScraper:100 - Success scraping url: https://www.onthesnow.co.uk/pyrenees/skireport
2023-12-14 18:08:47 INFO  InformationScraper:14 - Start of scraping data from url: https://www.onthesnow.co.uk/vosges/skireport
2023-12-14 18:08:48 INFO  InformationScraper:100 - Success scraping url: https://www.onthesnow.co.uk/vosges/skireport
2023-12-14 18:08:48 INFO  InformationScraper:14 - Start of scraping data from url: https://www.onthesnow.co.uk/jura/skireport
2023-12-14 18:08:48 INFO  InformationScraper:100 - Success scraping url: https://www.onthesnow.co.uk/jura/skireport
2023-12-14 18:09:29 INFO  InformationScraper:14 - Start of scraping data from url: https://www.onthesnow.co.uk/northern-alps/skireport
2023-12-14 18:09:31 INFO  InformationScraper:100 - Success scraping url: https://www.onthesnow.co.uk/northern-alps/skireport
2023-12-14 18:09:31 INFO  InformationScraper:14 - Start of scraping data from url: https://www.onthesnow.co.uk/southern-alps/skireport
2023-12-14 18:09:31 INFO  InformationScraper:100 - Success scraping url: https://www.onthesnow.co.uk/southern-alps/skireport
2023-12-14 18:09:31 INFO  InformationScraper:14 - Start of scraping data from url: https://www.onthesnow.co.uk/massif-central/skireport
2023-12-14 18:09:32 INFO  InformationScraper:100 - Success scraping url: https://www.onthesnow.co.uk/massif-central/skireport
2023-12-14 18:09:32 INFO  InformationScraper:14 - Start of scraping data from url: https://www.onthesnow.co.uk/pyrenees/skireport
2023-12-14 18:09:33 INFO  InformationScraper:100 - Success scraping url: https://www.onthesnow.co.uk/pyrenees/skireport
2023-12-14 18:09:33 INFO  InformationScraper:14 - Start of scraping data from url: https://www.onthesnow.co.uk/vosges/skireport
2023-12-14 18:09:34 INFO  InformationScraper:100 - Success scraping url: https://www.onthesnow.co.uk/vosges/skireport
2023-12-14 18:09:34 INFO  InformationScraper:14 - Start of scraping data from url: https://www.onthesnow.co.uk/jura/skireport
2023-12-14 18:09:35 INFO  InformationScraper:100 - Success scraping url: https://www.onthesnow.co.uk/jura/skireport
2023-12-14 18:11:09 INFO  InformationScraper:14 - Start of scraping data from url: https://www.onthesnow.co.uk/northern-alps/skireport
2023-12-14 18:11:11 INFO  InformationScraper:102 - Success scraping url: https://www.onthesnow.co.uk/northern-alps/skireport
2023-12-14 18:11:11 INFO  InformationScraper:14 - Start of scraping data from url: https://www.onthesnow.co.uk/southern-alps/skireport
2023-12-14 18:11:12 INFO  InformationScraper:102 - Success scraping url: https://www.onthesnow.co.uk/southern-alps/skireport
2023-12-14 18:11:12 INFO  InformationScraper:14 - Start of scraping data from url: https://www.onthesnow.co.uk/massif-central/skireport
2023-12-14 18:11:13 INFO  InformationScraper:102 - Success scraping url: https://www.onthesnow.co.uk/massif-central/skireport
2023-12-14 18:11:13 INFO  InformationScraper:14 - Start of scraping data from url: https://www.onthesnow.co.uk/pyrenees/skireport
2023-12-14 18:11:13 INFO  InformationScraper:102 - Success scraping url: https://www.onthesnow.co.uk/pyrenees/skireport
2023-12-14 18:11:13 INFO  InformationScraper:14 - Start of scraping data from url: https://www.onthesnow.co.uk/vosges/skireport
2023-12-14 18:11:14 INFO  InformationScraper:102 - Success scraping url: https://www.onthesnow.co.uk/vosges/skireport
2023-12-14 18:11:14 INFO  InformationScraper:14 - Start of scraping data from url: https://www.onthesnow.co.uk/jura/skireport
2023-12-14 18:11:15 INFO  InformationScraper:102 - Success scraping url: https://www.onthesnow.co.uk/jura/skireport
2023-12-14 18:12:16 INFO  InformationScraper:14 - Start of scraping data from url: https://www.onthesnow.co.uk/northern-alps/skireport
2023-12-14 18:12:18 INFO  InformationScraper:102 - Success scraping url: https://www.onthesnow.co.uk/northern-alps/skireport
2023-12-14 18:12:18 INFO  InformationScraper:14 - Start of scraping data from url: https://www.onthesnow.co.uk/southern-alps/skireport
2023-12-14 18:12:19 INFO  InformationScraper:102 - Success scraping url: https://www.onthesnow.co.uk/southern-alps/skireport
2023-12-14 18:12:19 INFO  InformationScraper:14 - Start of scraping data from url: https://www.onthesnow.co.uk/massif-central/skireport
2023-12-14 18:12:19 INFO  InformationScraper:102 - Success scraping url: https://www.onthesnow.co.uk/massif-central/skireport
2023-12-14 18:12:19 INFO  InformationScraper:14 - Start of scraping data from url: https://www.onthesnow.co.uk/pyrenees/skireport
2023-12-14 18:12:21 INFO  InformationScraper:102 - Success scraping url: https://www.onthesnow.co.uk/pyrenees/skireport
2023-12-14 18:12:21 INFO  InformationScraper:14 - Start of scraping data from url: https://www.onthesnow.co.uk/vosges/skireport
2023-12-14 18:12:21 INFO  InformationScraper:102 - Success scraping url: https://www.onthesnow.co.uk/vosges/skireport
2023-12-14 18:12:21 INFO  InformationScraper:14 - Start of scraping data from url: https://www.onthesnow.co.uk/jura/skireport
2023-12-14 18:12:22 INFO  InformationScraper:102 - Success scraping url: https://www.onthesnow.co.uk/jura/skireport
2023-12-14 18:14:51 INFO  InformationScraper:14 - Start of scraping data from url: https://www.onthesnow.co.uk/northern-alps/skireport
2023-12-14 18:14:53 INFO  InformationScraper:103 - Success scraping url: https://www.onthesnow.co.uk/northern-alps/skireport
2023-12-14 18:14:53 INFO  InformationScraper:14 - Start of scraping data from url: https://www.onthesnow.co.uk/southern-alps/skireport
2023-12-14 18:14:54 INFO  InformationScraper:103 - Success scraping url: https://www.onthesnow.co.uk/southern-alps/skireport
2023-12-14 18:14:54 INFO  InformationScraper:14 - Start of scraping data from url: https://www.onthesnow.co.uk/massif-central/skireport
2023-12-14 18:14:55 INFO  InformationScraper:103 - Success scraping url: https://www.onthesnow.co.uk/massif-central/skireport
2023-12-14 18:14:55 INFO  InformationScraper:14 - Start of scraping data from url: https://www.onthesnow.co.uk/pyrenees/skireport
2023-12-14 18:14:56 INFO  InformationScraper:103 - Success scraping url: https://www.onthesnow.co.uk/pyrenees/skireport
2023-12-14 18:14:56 INFO  InformationScraper:14 - Start of scraping data from url: https://www.onthesnow.co.uk/vosges/skireport
2023-12-14 18:14:58 INFO  InformationScraper:103 - Success scraping url: https://www.onthesnow.co.uk/vosges/skireport
2023-12-14 18:14:58 INFO  InformationScraper:14 - Start of scraping data from url: https://www.onthesnow.co.uk/jura/skireport
2023-12-14 18:14:59 INFO  InformationScraper:103 - Success scraping url: https://www.onthesnow.co.uk/jura/skireport
2023-12-14 18:16:05 INFO  InformationScraper:14 - Start of scraping data from url: https://www.onthesnow.co.uk/northern-alps/skireport
2023-12-14 18:16:06 INFO  InformationScraper:103 - Success scraping url: https://www.onthesnow.co.uk/northern-alps/skireport
2023-12-14 18:16:06 INFO  InformationScraper:14 - Start of scraping data from url: https://www.onthesnow.co.uk/southern-alps/skireport
2023-12-14 18:16:07 INFO  InformationScraper:103 - Success scraping url: https://www.onthesnow.co.uk/southern-alps/skireport
2023-12-14 18:16:07 INFO  InformationScraper:14 - Start of scraping data from url: https://www.onthesnow.co.uk/massif-central/skireport
2023-12-14 18:16:08 INFO  InformationScraper:103 - Success scraping url: https://www.onthesnow.co.uk/massif-central/skireport
2023-12-14 18:16:08 INFO  InformationScraper:14 - Start of scraping data from url: https://www.onthesnow.co.uk/pyrenees/skireport
2023-12-14 18:16:10 INFO  InformationScraper:103 - Success scraping url: https://www.onthesnow.co.uk/pyrenees/skireport
2023-12-14 18:16:10 INFO  InformationScraper:14 - Start of scraping data from url: https://www.onthesnow.co.uk/vosges/skireport
2023-12-14 18:16:10 INFO  InformationScraper:103 - Success scraping url: https://www.onthesnow.co.uk/vosges/skireport
2023-12-14 18:16:10 INFO  InformationScraper:14 - Start of scraping data from url: https://www.onthesnow.co.uk/jura/skireport
2023-12-14 18:16:11 INFO  InformationScraper:103 - Success scraping url: https://www.onthesnow.co.uk/jura/skireport
2023-12-14 18:32:15 INFO  InformationScraper:14 - Start of scraping data from url: https://www.onthesnow.co.uk/northern-alps/skireport
2023-12-14 18:32:17 INFO  InformationScraper:102 - Success scraping url: https://www.onthesnow.co.uk/northern-alps/skireport
2023-12-14 18:32:17 INFO  InformationScraper:14 - Start of scraping data from url: https://www.onthesnow.co.uk/southern-alps/skireport
2023-12-14 18:32:18 INFO  InformationScraper:102 - Success scraping url: https://www.onthesnow.co.uk/southern-alps/skireport
2023-12-14 18:32:18 INFO  InformationScraper:14 - Start of scraping data from url: https://www.onthesnow.co.uk/massif-central/skireport
2023-12-14 18:32:19 INFO  InformationScraper:102 - Success scraping url: https://www.onthesnow.co.uk/massif-central/skireport
2023-12-14 18:32:19 INFO  InformationScraper:14 - Start of scraping data from url: https://www.onthesnow.co.uk/pyrenees/skireport
2023-12-14 18:32:21 INFO  InformationScraper:102 - Success scraping url: https://www.onthesnow.co.uk/pyrenees/skireport
2023-12-14 18:32:21 INFO  InformationScraper:14 - Start of scraping data from url: https://www.onthesnow.co.uk/vosges/skireport
2023-12-14 18:32:22 INFO  InformationScraper:102 - Success scraping url: https://www.onthesnow.co.uk/vosges/skireport
2023-12-14 18:32:22 INFO  InformationScraper:14 - Start of scraping data from url: https://www.onthesnow.co.uk/jura/skireport
2023-12-14 18:32:24 INFO  InformationScraper:102 - Success scraping url: https://www.onthesnow.co.uk/jura/skireport
2023-12-14 19:36:46 INFO  InformationScraper:14 - Start of scraping data from url: https://www.onthesnow.co.uk/northern-alps/skireport
2023-12-14 19:36:48 INFO  InformationScraper:102 - Success scraping url: https://www.onthesnow.co.uk/northern-alps/skireport
2023-12-14 19:36:48 INFO  InformationScraper:14 - Start of scraping data from url: https://www.onthesnow.co.uk/southern-alps/skireport
2023-12-14 19:36:50 INFO  InformationScraper:102 - Success scraping url: https://www.onthesnow.co.uk/southern-alps/skireport
2023-12-14 19:36:50 INFO  InformationScraper:14 - Start of scraping data from url: https://www.onthesnow.co.uk/massif-central/skireport
2023-12-14 19:36:51 INFO  InformationScraper:102 - Success scraping url: https://www.onthesnow.co.uk/massif-central/skireport
2023-12-14 19:36:51 INFO  InformationScraper:14 - Start of scraping data from url: https://www.onthesnow.co.uk/pyrenees/skireport
2023-12-14 19:36:52 INFO  InformationScraper:102 - Success scraping url: https://www.onthesnow.co.uk/pyrenees/skireport
2023-12-14 19:36:52 INFO  InformationScraper:14 - Start of scraping data from url: https://www.onthesnow.co.uk/vosges/skireport
2023-12-14 19:36:55 INFO  InformationScraper:102 - Success scraping url: https://www.onthesnow.co.uk/vosges/skireport
2023-12-14 19:36:55 INFO  InformationScraper:14 - Start of scraping data from url: https://www.onthesnow.co.uk/jura/skireport
2023-12-14 19:36:56 INFO  InformationScraper:102 - Success scraping url: https://www.onthesnow.co.uk/jura/skireport
2023-12-14 19:39:31 INFO  InformationScraper:14 - Start of scraping data from url: https://www.onthesnow.co.uk/northern-alps/skireport
2023-12-14 19:39:33 INFO  InformationScraper:102 - Success scraping url: https://www.onthesnow.co.uk/northern-alps/skireport
2023-12-14 19:39:33 INFO  InformationScraper:14 - Start of scraping data from url: https://www.onthesnow.co.uk/southern-alps/skireport
2023-12-14 19:39:33 INFO  InformationScraper:102 - Success scraping url: https://www.onthesnow.co.uk/southern-alps/skireport
2023-12-14 19:39:33 INFO  InformationScraper:14 - Start of scraping data from url: https://www.onthesnow.co.uk/massif-central/skireport
2023-12-14 19:39:34 INFO  InformationScraper:102 - Success scraping url: https://www.onthesnow.co.uk/massif-central/skireport
2023-12-14 19:39:34 INFO  InformationScraper:14 - Start of scraping data from url: https://www.onthesnow.co.uk/pyrenees/skireport
2023-12-14 19:39:35 INFO  InformationScraper:102 - Success scraping url: https://www.onthesnow.co.uk/pyrenees/skireport
2023-12-14 19:39:35 INFO  InformationScraper:14 - Start of scraping data from url: https://www.onthesnow.co.uk/vosges/skireport
2023-12-14 19:39:36 INFO  InformationScraper:102 - Success scraping url: https://www.onthesnow.co.uk/vosges/skireport
2023-12-14 19:39:36 INFO  InformationScraper:14 - Start of scraping data from url: https://www.onthesnow.co.uk/jura/skireport
2023-12-14 19:39:37 INFO  InformationScraper:102 - Success scraping url: https://www.onthesnow.co.uk/jura/skireport
2023-12-14 19:41:57 INFO  InformationScraper:14 - Start of scraping data from url: https://www.onthesnow.co.uk/northern-alps/skireport
2023-12-14 19:41:59 INFO  InformationScraper:102 - Success scraping url: https://www.onthesnow.co.uk/northern-alps/skireport
2023-12-14 19:41:59 INFO  InformationScraper:14 - Start of scraping data from url: https://www.onthesnow.co.uk/southern-alps/skireport
2023-12-14 19:42:00 INFO  InformationScraper:102 - Success scraping url: https://www.onthesnow.co.uk/southern-alps/skireport
2023-12-14 19:42:00 INFO  InformationScraper:14 - Start of scraping data from url: https://www.onthesnow.co.uk/massif-central/skireport
2023-12-14 19:42:01 INFO  InformationScraper:102 - Success scraping url: https://www.onthesnow.co.uk/massif-central/skireport
2023-12-14 19:42:01 INFO  InformationScraper:14 - Start of scraping data from url: https://www.onthesnow.co.uk/pyrenees/skireport
2023-12-14 19:42:03 INFO  InformationScraper:102 - Success scraping url: https://www.onthesnow.co.uk/pyrenees/skireport
2023-12-14 19:42:03 INFO  InformationScraper:14 - Start of scraping data from url: https://www.onthesnow.co.uk/vosges/skireport
2023-12-14 19:42:04 INFO  InformationScraper:102 - Success scraping url: https://www.onthesnow.co.uk/vosges/skireport
2023-12-14 19:42:04 INFO  InformationScraper:14 - Start of scraping data from url: https://www.onthesnow.co.uk/jura/skireport
2023-12-14 19:42:05 INFO  InformationScraper:102 - Success scraping url: https://www.onthesnow.co.uk/jura/skireport
2023-12-14 19:44:30 INFO  InformationScraper:14 - Start of scraping data from url: https://www.onthesnow.co.uk/northern-alps/skireport
2023-12-14 19:44:32 INFO  InformationScraper:102 - Success scraping url: https://www.onthesnow.co.uk/northern-alps/skireport
2023-12-14 19:44:32 INFO  InformationScraper:14 - Start of scraping data from url: https://www.onthesnow.co.uk/southern-alps/skireport
2023-12-14 19:44:33 INFO  InformationScraper:102 - Success scraping url: https://www.onthesnow.co.uk/southern-alps/skireport
2023-12-14 19:44:33 INFO  InformationScraper:14 - Start of scraping data from url: https://www.onthesnow.co.uk/massif-central/skireport
2023-12-14 19:44:34 INFO  InformationScraper:102 - Success scraping url: https://www.onthesnow.co.uk/massif-central/skireport
2023-12-14 19:44:34 INFO  InformationScraper:14 - Start of scraping data from url: https://www.onthesnow.co.uk/pyrenees/skireport
2023-12-14 19:44:35 INFO  InformationScraper:102 - Success scraping url: https://www.onthesnow.co.uk/pyrenees/skireport
2023-12-14 19:44:35 INFO  InformationScraper:14 - Start of scraping data from url: https://www.onthesnow.co.uk/vosges/skireport
2023-12-14 19:44:35 INFO  InformationScraper:102 - Success scraping url: https://www.onthesnow.co.uk/vosges/skireport
2023-12-14 19:44:35 INFO  InformationScraper:14 - Start of scraping data from url: https://www.onthesnow.co.uk/jura/skireport
2023-12-14 19:44:36 INFO  InformationScraper:102 - Success scraping url: https://www.onthesnow.co.uk/jura/skireport
2023-12-14 20:09:33 INFO  InformationScraper:14 - Start of scraping data from url: https://www.onthesnow.co.uk/northern-alps/skireport
2023-12-14 20:09:35 INFO  InformationScraper:102 - Success scraping url: https://www.onthesnow.co.uk/northern-alps/skireport
2023-12-14 20:09:35 INFO  InformationScraper:14 - Start of scraping data from url: https://www.onthesnow.co.uk/southern-alps/skireport
2023-12-14 20:09:36 INFO  InformationScraper:102 - Success scraping url: https://www.onthesnow.co.uk/southern-alps/skireport
2023-12-14 20:09:36 INFO  InformationScraper:14 - Start of scraping data from url: https://www.onthesnow.co.uk/massif-central/skireport
2023-12-14 20:09:38 INFO  InformationScraper:102 - Success scraping url: https://www.onthesnow.co.uk/massif-central/skireport
2023-12-14 20:09:38 INFO  InformationScraper:14 - Start of scraping data from url: https://www.onthesnow.co.uk/pyrenees/skireport
2023-12-14 20:09:39 INFO  InformationScraper:102 - Success scraping url: https://www.onthesnow.co.uk/pyrenees/skireport
2023-12-14 20:09:39 INFO  InformationScraper:14 - Start of scraping data from url: https://www.onthesnow.co.uk/vosges/skireport
2023-12-14 20:09:40 INFO  InformationScraper:102 - Success scraping url: https://www.onthesnow.co.uk/vosges/skireport
2023-12-14 20:09:40 INFO  InformationScraper:14 - Start of scraping data from url: https://www.onthesnow.co.uk/jura/skireport
2023-12-14 20:09:41 INFO  InformationScraper:102 - Success scraping url: https://www.onthesnow.co.uk/jura/skireport
2023-12-14 20:11:36 INFO  InformationScraper:14 - Start of scraping data from url: https://www.skiinfo.pl/malopolskie/warunki-narciarskie
2023-12-14 20:11:38 INFO  InformationScraper:102 - Success scraping url: https://www.skiinfo.pl/malopolskie/warunki-narciarskie
2023-12-14 20:11:38 INFO  InformationScraper:14 - Start of scraping data from url: https://www.skiinfo.pl/dolnoslaskie/warunki-narciarskie
2023-12-14 20:11:39 INFO  InformationScraper:102 - Success scraping url: https://www.skiinfo.pl/dolnoslaskie/warunki-narciarskie
2023-12-14 20:11:39 INFO  InformationScraper:14 - Start of scraping data from url: https://www.skiinfo.pl/gory-swietokrzyskie/warunki-narciarskie
2023-12-14 20:11:41 INFO  InformationScraper:102 - Success scraping url: https://www.skiinfo.pl/gory-swietokrzyskie/warunki-narciarskie
2023-12-14 20:11:41 INFO  InformationScraper:14 - Start of scraping data from url: https://www.skiinfo.pl/lodzkie/warunki-narciarskie
2023-12-14 20:11:43 INFO  InformationScraper:102 - Success scraping url: https://www.skiinfo.pl/lodzkie/warunki-narciarskie
2023-12-14 20:11:43 INFO  InformationScraper:14 - Start of scraping data from url: https://www.skiinfo.pl/podkarpackie/warunki-narciarskie
2023-12-14 20:11:44 INFO  InformationScraper:102 - Success scraping url: https://www.skiinfo.pl/podkarpackie/warunki-narciarskie
2023-12-14 20:11:44 INFO  InformationScraper:14 - Start of scraping data from url: https://www.skiinfo.pl/slaskie/warunki-narciarskie
2023-12-14 20:11:45 INFO  InformationScraper:102 - Success scraping url: https://www.skiinfo.pl/slaskie/warunki-narciarskie
2023-12-14 20:15:40 INFO  InformationScraper:14 - Start of scraping data from url: https://www.skiinfo.pl/malopolskie/warunki-narciarskie
2023-12-14 20:15:41 INFO  InformationScraper:102 - Success scraping url: https://www.skiinfo.pl/malopolskie/warunki-narciarskie
2023-12-14 20:15:41 INFO  InformationScraper:14 - Start of scraping data from url: https://www.skiinfo.pl/dolnoslaskie/warunki-narciarskie
2023-12-14 20:15:41 INFO  InformationScraper:102 - Success scraping url: https://www.skiinfo.pl/dolnoslaskie/warunki-narciarskie
2023-12-14 20:15:41 INFO  InformationScraper:14 - Start of scraping data from url: https://www.skiinfo.pl/gory-swietokrzyskie/warunki-narciarskie
2023-12-14 20:15:42 INFO  InformationScraper:102 - Success scraping url: https://www.skiinfo.pl/gory-swietokrzyskie/warunki-narciarskie
2023-12-14 20:15:42 INFO  InformationScraper:14 - Start of scraping data from url: https://www.skiinfo.pl/lodzkie/warunki-narciarskie
2023-12-14 20:15:43 INFO  InformationScraper:102 - Success scraping url: https://www.skiinfo.pl/lodzkie/warunki-narciarskie
2023-12-14 20:15:43 INFO  InformationScraper:14 - Start of scraping data from url: https://www.skiinfo.pl/podkarpackie/warunki-narciarskie
2023-12-14 20:15:44 INFO  InformationScraper:102 - Success scraping url: https://www.skiinfo.pl/podkarpackie/warunki-narciarskie
2023-12-14 20:15:44 INFO  InformationScraper:14 - Start of scraping data from url: https://www.skiinfo.pl/slaskie/warunki-narciarskie
2023-12-14 20:15:45 INFO  InformationScraper:102 - Success scraping url: https://www.skiinfo.pl/slaskie/warunki-narciarskie
2023-12-14 20:16:26 INFO  InformationScraper:14 - Start of scraping data from url: https://www.skiinfo.pl/malopolskie/warunki-narciarskie
2023-12-14 20:16:27 INFO  InformationScraper:102 - Success scraping url: https://www.skiinfo.pl/malopolskie/warunki-narciarskie
2023-12-14 20:16:27 INFO  InformationScraper:14 - Start of scraping data from url: https://www.skiinfo.pl/dolnoslaskie/warunki-narciarskie
2023-12-14 20:16:28 INFO  InformationScraper:102 - Success scraping url: https://www.skiinfo.pl/dolnoslaskie/warunki-narciarskie
2023-12-14 20:16:28 INFO  InformationScraper:14 - Start of scraping data from url: https://www.skiinfo.pl/gory-swietokrzyskie/warunki-narciarskie
2023-12-14 20:16:29 INFO  InformationScraper:102 - Success scraping url: https://www.skiinfo.pl/gory-swietokrzyskie/warunki-narciarskie
2023-12-14 20:16:29 INFO  InformationScraper:14 - Start of scraping data from url: https://www.skiinfo.pl/lodzkie/warunki-narciarskie
2023-12-14 20:16:29 INFO  InformationScraper:102 - Success scraping url: https://www.skiinfo.pl/lodzkie/warunki-narciarskie
2023-12-14 20:16:29 INFO  InformationScraper:14 - Start of scraping data from url: https://www.skiinfo.pl/podkarpackie/warunki-narciarskie
2023-12-14 20:16:30 INFO  InformationScraper:102 - Success scraping url: https://www.skiinfo.pl/podkarpackie/warunki-narciarskie
2023-12-14 20:16:30 INFO  InformationScraper:14 - Start of scraping data from url: https://www.skiinfo.pl/slaskie/warunki-narciarskie
2023-12-14 20:16:31 INFO  InformationScraper:102 - Success scraping url: https://www.skiinfo.pl/slaskie/warunki-narciarskie
